<?xml version="1.0" encoding="UTF-8"?>
<testsuite xmlns:xsi="http://www.w3.org/2001/XMLSchema-instance" xsi:noNamespaceSchemaLocation="https://maven.apache.org/surefire/maven-surefire-plugin/xsd/surefire-test-report.xsd" name="com.timeline.controller.MessageControllerTest" time="5.243" tests="2" errors="0" skipped="0" failures="0">
  <properties>
    <property name="sun.desktop" value="windows"/>
    <property name="awt.toolkit" value="sun.awt.windows.WToolkit"/>
    <property name="file.encoding.pkg" value="sun.io"/>
    <property name="java.specification.version" value="1.8"/>
    <property name="sun.cpu.isalist" value="pentium_pro+mmx pentium_pro pentium+mmx pentium i486 i386 i86"/>
    <property name="sun.jnu.encoding" value="GBK"/>
    <property name="java.class.path" value="D:\ECNU\0\Senior\软件测试\homework\TimeLinenew\TimeLine\target\test-classes;D:\ECNU\0\Senior\软件测试\homework\TimeLinenew\TimeLine\target\classes;D:\mavenRepository\org\springframework\boot\spring-boot-starter\2.0.0.RELEASE\spring-boot-starter-2.0.0.RELEASE.jar;D:\mavenRepository\org\springframework\boot\spring-boot\2.0.0.RELEASE\spring-boot-2.0.0.RELEASE.jar;D:\mavenRepository\org\springframework\spring-context\5.0.4.RELEASE\spring-context-5.0.4.RELEASE.jar;D:\mavenRepository\org\springframework\boot\spring-boot-autoconfigure\2.0.0.RELEASE\spring-boot-autoconfigure-2.0.0.RELEASE.jar;D:\mavenRepository\javax\annotation\javax.annotation-api\1.3.2\javax.annotation-api-1.3.2.jar;D:\mavenRepository\org\springframework\spring-core\5.0.4.RELEASE\spring-core-5.0.4.RELEASE.jar;D:\mavenRepository\org\springframework\spring-jcl\5.0.4.RELEASE\spring-jcl-5.0.4.RELEASE.jar;D:\mavenRepository\org\yaml\snakeyaml\1.19\snakeyaml-1.19.jar;D:\mavenRepository\org\springframework\boot\spring-boot-starter-log4j\1.3.8.RELEASE\spring-boot-starter-log4j-1.3.8.RELEASE.jar;D:\mavenRepository\org\slf4j\jcl-over-slf4j\1.7.25\jcl-over-slf4j-1.7.25.jar;D:\mavenRepository\org\slf4j\slf4j-api\1.7.25\slf4j-api-1.7.25.jar;D:\mavenRepository\org\slf4j\jul-to-slf4j\1.7.25\jul-to-slf4j-1.7.25.jar;D:\mavenRepository\org\slf4j\slf4j-log4j12\1.7.25\slf4j-log4j12-1.7.25.jar;D:\mavenRepository\log4j\log4j\1.2.17\log4j-1.2.17.jar;D:\mavenRepository\org\springframework\boot\spring-boot-starter-aop\2.0.0.RELEASE\spring-boot-starter-aop-2.0.0.RELEASE.jar;D:\mavenRepository\org\springframework\spring-aop\5.0.4.RELEASE\spring-aop-5.0.4.RELEASE.jar;D:\mavenRepository\org\springframework\spring-beans\5.0.4.RELEASE\spring-beans-5.0.4.RELEASE.jar;D:\mavenRepository\org\aspectj\aspectjweaver\1.8.13\aspectjweaver-1.8.13.jar;D:\mavenRepository\org\springframework\boot\spring-boot-starter-web\2.0.0.RELEASE\spring-boot-starter-web-2.0.0.RELEASE.jar;D:\mavenRepository\org\springframework\boot\spring-boot-starter-json\2.0.0.RELEASE\spring-boot-starter-json-2.0.0.RELEASE.jar;D:\mavenRepository\com\fasterxml\jackson\core\jackson-databind\2.9.4\jackson-databind-2.9.4.jar;D:\mavenRepository\com\fasterxml\jackson\core\jackson-annotations\2.9.0\jackson-annotations-2.9.0.jar;D:\mavenRepository\com\fasterxml\jackson\core\jackson-core\2.9.4\jackson-core-2.9.4.jar;D:\mavenRepository\com\fasterxml\jackson\datatype\jackson-datatype-jdk8\2.9.4\jackson-datatype-jdk8-2.9.4.jar;D:\mavenRepository\com\fasterxml\jackson\datatype\jackson-datatype-jsr310\2.9.4\jackson-datatype-jsr310-2.9.4.jar;D:\mavenRepository\com\fasterxml\jackson\module\jackson-module-parameter-names\2.9.4\jackson-module-parameter-names-2.9.4.jar;D:\mavenRepository\org\springframework\boot\spring-boot-starter-tomcat\2.0.0.RELEASE\spring-boot-starter-tomcat-2.0.0.RELEASE.jar;D:\mavenRepository\org\apache\tomcat\embed\tomcat-embed-core\8.5.28\tomcat-embed-core-8.5.28.jar;D:\mavenRepository\org\apache\tomcat\embed\tomcat-embed-el\8.5.28\tomcat-embed-el-8.5.28.jar;D:\mavenRepository\org\apache\tomcat\embed\tomcat-embed-websocket\8.5.28\tomcat-embed-websocket-8.5.28.jar;D:\mavenRepository\org\hibernate\validator\hibernate-validator\6.0.7.Final\hibernate-validator-6.0.7.Final.jar;D:\mavenRepository\javax\validation\validation-api\2.0.1.Final\validation-api-2.0.1.Final.jar;D:\mavenRepository\org\jboss\logging\jboss-logging\3.3.2.Final\jboss-logging-3.3.2.Final.jar;D:\mavenRepository\com\fasterxml\classmate\1.3.4\classmate-1.3.4.jar;D:\mavenRepository\org\springframework\spring-web\5.0.4.RELEASE\spring-web-5.0.4.RELEASE.jar;D:\mavenRepository\org\springframework\spring-webmvc\5.0.4.RELEASE\spring-webmvc-5.0.4.RELEASE.jar;D:\mavenRepository\org\springframework\spring-expression\5.0.4.RELEASE\spring-expression-5.0.4.RELEASE.jar;D:\mavenRepository\org\springframework\boot\spring-boot-starter-test\2.0.0.RELEASE\spring-boot-starter-test-2.0.0.RELEASE.jar;D:\mavenRepository\org\springframework\boot\spring-boot-test\2.0.0.RELEASE\spring-boot-test-2.0.0.RELEASE.jar;D:\mavenRepository\org\springframework\boot\spring-boot-test-autoconfigure\2.0.0.RELEASE\spring-boot-test-autoconfigure-2.0.0.RELEASE.jar;D:\mavenRepository\com\jayway\jsonpath\json-path\2.4.0\json-path-2.4.0.jar;D:\mavenRepository\net\minidev\json-smart\2.3\json-smart-2.3.jar;D:\mavenRepository\net\minidev\accessors-smart\1.2\accessors-smart-1.2.jar;D:\mavenRepository\org\ow2\asm\asm\5.0.4\asm-5.0.4.jar;D:\mavenRepository\junit\junit\4.12\junit-4.12.jar;D:\mavenRepository\org\assertj\assertj-core\3.9.1\assertj-core-3.9.1.jar;D:\mavenRepository\org\hamcrest\hamcrest-core\1.3\hamcrest-core-1.3.jar;D:\mavenRepository\org\hamcrest\hamcrest-library\1.3\hamcrest-library-1.3.jar;D:\mavenRepository\org\skyscreamer\jsonassert\1.5.0\jsonassert-1.5.0.jar;D:\mavenRepository\com\vaadin\external\google\android-json\0.0.20131108.vaadin1\android-json-0.0.20131108.vaadin1.jar;D:\mavenRepository\org\springframework\spring-test\5.0.4.RELEASE\spring-test-5.0.4.RELEASE.jar;D:\mavenRepository\org\xmlunit\xmlunit-core\2.5.1\xmlunit-core-2.5.1.jar;D:\mavenRepository\org\junit\jupiter\junit-jupiter-api\5.1.0\junit-jupiter-api-5.1.0.jar;D:\mavenRepository\org\apiguardian\apiguardian-api\1.0.0\apiguardian-api-1.0.0.jar;D:\mavenRepository\org\opentest4j\opentest4j\1.0.0\opentest4j-1.0.0.jar;D:\mavenRepository\org\junit\platform\junit-platform-commons\1.1.0\junit-platform-commons-1.1.0.jar;D:\mavenRepository\org\junit\jupiter\junit-jupiter-engine\5.1.0\junit-jupiter-engine-5.1.0.jar;D:\mavenRepository\org\junit\platform\junit-platform-engine\1.1.0\junit-platform-engine-1.1.0.jar;D:\mavenRepository\org\mockito\mockito-core\2.7.19\mockito-core-2.7.19.jar;D:\mavenRepository\net\bytebuddy\byte-buddy\1.7.10\byte-buddy-1.7.10.jar;D:\mavenRepository\net\bytebuddy\byte-buddy-agent\1.7.10\byte-buddy-agent-1.7.10.jar;D:\mavenRepository\org\objenesis\objenesis\2.5\objenesis-2.5.jar;D:\mavenRepository\org\springframework\boot\spring-boot-devtools\2.0.0.RELEASE\spring-boot-devtools-2.0.0.RELEASE.jar;D:\mavenRepository\mysql\mysql-connector-java\5.1.41\mysql-connector-java-5.1.41.jar;D:\mavenRepository\org\mybatis\spring\boot\mybatis-spring-boot-starter\1.3.1\mybatis-spring-boot-starter-1.3.1.jar;D:\mavenRepository\org\springframework\boot\spring-boot-starter-jdbc\2.0.0.RELEASE\spring-boot-starter-jdbc-2.0.0.RELEASE.jar;D:\mavenRepository\com\zaxxer\HikariCP\2.7.8\HikariCP-2.7.8.jar;D:\mavenRepository\org\springframework\spring-jdbc\5.0.4.RELEASE\spring-jdbc-5.0.4.RELEASE.jar;D:\mavenRepository\org\springframework\spring-tx\5.0.4.RELEASE\spring-tx-5.0.4.RELEASE.jar;D:\mavenRepository\org\mybatis\spring\boot\mybatis-spring-boot-autoconfigure\1.3.1\mybatis-spring-boot-autoconfigure-1.3.1.jar;D:\mavenRepository\org\mybatis\mybatis\3.4.5\mybatis-3.4.5.jar;D:\mavenRepository\org\mybatis\mybatis-spring\1.3.1\mybatis-spring-1.3.1.jar;D:\mavenRepository\tk\mybatis\mapper-spring-boot-starter\1.2.4\mapper-spring-boot-starter-1.2.4.jar;D:\mavenRepository\tk\mybatis\mapper-spring-boot-autoconfigure\1.2.4\mapper-spring-boot-autoconfigure-1.2.4.jar;D:\mavenRepository\tk\mybatis\mapper\3.5.3\mapper-3.5.3.jar;D:\mavenRepository\javax\persistence\persistence-api\1.0\persistence-api-1.0.jar;D:\mavenRepository\com\github\pagehelper\pagehelper-spring-boot-starter\1.2.3\pagehelper-spring-boot-starter-1.2.3.jar;D:\mavenRepository\com\github\pagehelper\pagehelper-spring-boot-autoconfigure\1.2.3\pagehelper-spring-boot-autoconfigure-1.2.3.jar;D:\mavenRepository\com\github\pagehelper\pagehelper\5.1.2\pagehelper-5.1.2.jar;D:\mavenRepository\com\github\jsqlparser\jsqlparser\1.0\jsqlparser-1.0.jar;D:\mavenRepository\commons-codec\commons-codec\1.11\commons-codec-1.11.jar;D:\mavenRepository\org\apache\commons\commons-lang3\3.4\commons-lang3-3.4.jar;D:\mavenRepository\commons-io\commons-io\1.3.2\commons-io-1.3.2.jar;"/>
    <property name="java.vm.vendor" value="Oracle Corporation"/>
    <property name="sun.arch.data.model" value="32"/>
    <property name="user.variant" value=""/>
    <property name="java.vendor.url" value="http://java.oracle.com/"/>
    <property name="user.timezone" value=""/>
    <property name="java.vm.specification.version" value="1.8"/>
    <property name="os.name" value="Windows 10"/>
    <property name="user.country" value="CN"/>
    <property name="sun.java.launcher" value="SUN_STANDARD"/>
    <property name="sun.boot.library.path" value="D:\jdk\jre\bin"/>
    <property name="sun.java.command" value="C:\Users\Mijika\AppData\Local\Temp\surefire4572001323058535560\surefirebooter1093855057263742610.jar C:\Users\Mijika\AppData\Local\Temp\surefire4572001323058535560 2019-11-12T13-20-04_315-jvmRun1 surefire5555357615437487826tmp surefire_02378273864339814530tmp"/>
    <property name="surefire.test.class.path" value="D:\ECNU\0\Senior\软件测试\homework\TimeLinenew\TimeLine\target\test-classes;D:\ECNU\0\Senior\软件测试\homework\TimeLinenew\TimeLine\target\classes;D:\mavenRepository\org\springframework\boot\spring-boot-starter\2.0.0.RELEASE\spring-boot-starter-2.0.0.RELEASE.jar;D:\mavenRepository\org\springframework\boot\spring-boot\2.0.0.RELEASE\spring-boot-2.0.0.RELEASE.jar;D:\mavenRepository\org\springframework\spring-context\5.0.4.RELEASE\spring-context-5.0.4.RELEASE.jar;D:\mavenRepository\org\springframework\boot\spring-boot-autoconfigure\2.0.0.RELEASE\spring-boot-autoconfigure-2.0.0.RELEASE.jar;D:\mavenRepository\javax\annotation\javax.annotation-api\1.3.2\javax.annotation-api-1.3.2.jar;D:\mavenRepository\org\springframework\spring-core\5.0.4.RELEASE\spring-core-5.0.4.RELEASE.jar;D:\mavenRepository\org\springframework\spring-jcl\5.0.4.RELEASE\spring-jcl-5.0.4.RELEASE.jar;D:\mavenRepository\org\yaml\snakeyaml\1.19\snakeyaml-1.19.jar;D:\mavenRepository\org\springframework\boot\spring-boot-starter-log4j\1.3.8.RELEASE\spring-boot-starter-log4j-1.3.8.RELEASE.jar;D:\mavenRepository\org\slf4j\jcl-over-slf4j\1.7.25\jcl-over-slf4j-1.7.25.jar;D:\mavenRepository\org\slf4j\slf4j-api\1.7.25\slf4j-api-1.7.25.jar;D:\mavenRepository\org\slf4j\jul-to-slf4j\1.7.25\jul-to-slf4j-1.7.25.jar;D:\mavenRepository\org\slf4j\slf4j-log4j12\1.7.25\slf4j-log4j12-1.7.25.jar;D:\mavenRepository\log4j\log4j\1.2.17\log4j-1.2.17.jar;D:\mavenRepository\org\springframework\boot\spring-boot-starter-aop\2.0.0.RELEASE\spring-boot-starter-aop-2.0.0.RELEASE.jar;D:\mavenRepository\org\springframework\spring-aop\5.0.4.RELEASE\spring-aop-5.0.4.RELEASE.jar;D:\mavenRepository\org\springframework\spring-beans\5.0.4.RELEASE\spring-beans-5.0.4.RELEASE.jar;D:\mavenRepository\org\aspectj\aspectjweaver\1.8.13\aspectjweaver-1.8.13.jar;D:\mavenRepository\org\springframework\boot\spring-boot-starter-web\2.0.0.RELEASE\spring-boot-starter-web-2.0.0.RELEASE.jar;D:\mavenRepository\org\springframework\boot\spring-boot-starter-json\2.0.0.RELEASE\spring-boot-starter-json-2.0.0.RELEASE.jar;D:\mavenRepository\com\fasterxml\jackson\core\jackson-databind\2.9.4\jackson-databind-2.9.4.jar;D:\mavenRepository\com\fasterxml\jackson\core\jackson-annotations\2.9.0\jackson-annotations-2.9.0.jar;D:\mavenRepository\com\fasterxml\jackson\core\jackson-core\2.9.4\jackson-core-2.9.4.jar;D:\mavenRepository\com\fasterxml\jackson\datatype\jackson-datatype-jdk8\2.9.4\jackson-datatype-jdk8-2.9.4.jar;D:\mavenRepository\com\fasterxml\jackson\datatype\jackson-datatype-jsr310\2.9.4\jackson-datatype-jsr310-2.9.4.jar;D:\mavenRepository\com\fasterxml\jackson\module\jackson-module-parameter-names\2.9.4\jackson-module-parameter-names-2.9.4.jar;D:\mavenRepository\org\springframework\boot\spring-boot-starter-tomcat\2.0.0.RELEASE\spring-boot-starter-tomcat-2.0.0.RELEASE.jar;D:\mavenRepository\org\apache\tomcat\embed\tomcat-embed-core\8.5.28\tomcat-embed-core-8.5.28.jar;D:\mavenRepository\org\apache\tomcat\embed\tomcat-embed-el\8.5.28\tomcat-embed-el-8.5.28.jar;D:\mavenRepository\org\apache\tomcat\embed\tomcat-embed-websocket\8.5.28\tomcat-embed-websocket-8.5.28.jar;D:\mavenRepository\org\hibernate\validator\hibernate-validator\6.0.7.Final\hibernate-validator-6.0.7.Final.jar;D:\mavenRepository\javax\validation\validation-api\2.0.1.Final\validation-api-2.0.1.Final.jar;D:\mavenRepository\org\jboss\logging\jboss-logging\3.3.2.Final\jboss-logging-3.3.2.Final.jar;D:\mavenRepository\com\fasterxml\classmate\1.3.4\classmate-1.3.4.jar;D:\mavenRepository\org\springframework\spring-web\5.0.4.RELEASE\spring-web-5.0.4.RELEASE.jar;D:\mavenRepository\org\springframework\spring-webmvc\5.0.4.RELEASE\spring-webmvc-5.0.4.RELEASE.jar;D:\mavenRepository\org\springframework\spring-expression\5.0.4.RELEASE\spring-expression-5.0.4.RELEASE.jar;D:\mavenRepository\org\springframework\boot\spring-boot-starter-test\2.0.0.RELEASE\spring-boot-starter-test-2.0.0.RELEASE.jar;D:\mavenRepository\org\springframework\boot\spring-boot-test\2.0.0.RELEASE\spring-boot-test-2.0.0.RELEASE.jar;D:\mavenRepository\org\springframework\boot\spring-boot-test-autoconfigure\2.0.0.RELEASE\spring-boot-test-autoconfigure-2.0.0.RELEASE.jar;D:\mavenRepository\com\jayway\jsonpath\json-path\2.4.0\json-path-2.4.0.jar;D:\mavenRepository\net\minidev\json-smart\2.3\json-smart-2.3.jar;D:\mavenRepository\net\minidev\accessors-smart\1.2\accessors-smart-1.2.jar;D:\mavenRepository\org\ow2\asm\asm\5.0.4\asm-5.0.4.jar;D:\mavenRepository\junit\junit\4.12\junit-4.12.jar;D:\mavenRepository\org\assertj\assertj-core\3.9.1\assertj-core-3.9.1.jar;D:\mavenRepository\org\hamcrest\hamcrest-core\1.3\hamcrest-core-1.3.jar;D:\mavenRepository\org\hamcrest\hamcrest-library\1.3\hamcrest-library-1.3.jar;D:\mavenRepository\org\skyscreamer\jsonassert\1.5.0\jsonassert-1.5.0.jar;D:\mavenRepository\com\vaadin\external\google\android-json\0.0.20131108.vaadin1\android-json-0.0.20131108.vaadin1.jar;D:\mavenRepository\org\springframework\spring-test\5.0.4.RELEASE\spring-test-5.0.4.RELEASE.jar;D:\mavenRepository\org\xmlunit\xmlunit-core\2.5.1\xmlunit-core-2.5.1.jar;D:\mavenRepository\org\junit\jupiter\junit-jupiter-api\5.1.0\junit-jupiter-api-5.1.0.jar;D:\mavenRepository\org\apiguardian\apiguardian-api\1.0.0\apiguardian-api-1.0.0.jar;D:\mavenRepository\org\opentest4j\opentest4j\1.0.0\opentest4j-1.0.0.jar;D:\mavenRepository\org\junit\platform\junit-platform-commons\1.1.0\junit-platform-commons-1.1.0.jar;D:\mavenRepository\org\junit\jupiter\junit-jupiter-engine\5.1.0\junit-jupiter-engine-5.1.0.jar;D:\mavenRepository\org\junit\platform\junit-platform-engine\1.1.0\junit-platform-engine-1.1.0.jar;D:\mavenRepository\org\mockito\mockito-core\2.7.19\mockito-core-2.7.19.jar;D:\mavenRepository\net\bytebuddy\byte-buddy\1.7.10\byte-buddy-1.7.10.jar;D:\mavenRepository\net\bytebuddy\byte-buddy-agent\1.7.10\byte-buddy-agent-1.7.10.jar;D:\mavenRepository\org\objenesis\objenesis\2.5\objenesis-2.5.jar;D:\mavenRepository\org\springframework\boot\spring-boot-devtools\2.0.0.RELEASE\spring-boot-devtools-2.0.0.RELEASE.jar;D:\mavenRepository\mysql\mysql-connector-java\5.1.41\mysql-connector-java-5.1.41.jar;D:\mavenRepository\org\mybatis\spring\boot\mybatis-spring-boot-starter\1.3.1\mybatis-spring-boot-starter-1.3.1.jar;D:\mavenRepository\org\springframework\boot\spring-boot-starter-jdbc\2.0.0.RELEASE\spring-boot-starter-jdbc-2.0.0.RELEASE.jar;D:\mavenRepository\com\zaxxer\HikariCP\2.7.8\HikariCP-2.7.8.jar;D:\mavenRepository\org\springframework\spring-jdbc\5.0.4.RELEASE\spring-jdbc-5.0.4.RELEASE.jar;D:\mavenRepository\org\springframework\spring-tx\5.0.4.RELEASE\spring-tx-5.0.4.RELEASE.jar;D:\mavenRepository\org\mybatis\spring\boot\mybatis-spring-boot-autoconfigure\1.3.1\mybatis-spring-boot-autoconfigure-1.3.1.jar;D:\mavenRepository\org\mybatis\mybatis\3.4.5\mybatis-3.4.5.jar;D:\mavenRepository\org\mybatis\mybatis-spring\1.3.1\mybatis-spring-1.3.1.jar;D:\mavenRepository\tk\mybatis\mapper-spring-boot-starter\1.2.4\mapper-spring-boot-starter-1.2.4.jar;D:\mavenRepository\tk\mybatis\mapper-spring-boot-autoconfigure\1.2.4\mapper-spring-boot-autoconfigure-1.2.4.jar;D:\mavenRepository\tk\mybatis\mapper\3.5.3\mapper-3.5.3.jar;D:\mavenRepository\javax\persistence\persistence-api\1.0\persistence-api-1.0.jar;D:\mavenRepository\com\github\pagehelper\pagehelper-spring-boot-starter\1.2.3\pagehelper-spring-boot-starter-1.2.3.jar;D:\mavenRepository\com\github\pagehelper\pagehelper-spring-boot-autoconfigure\1.2.3\pagehelper-spring-boot-autoconfigure-1.2.3.jar;D:\mavenRepository\com\github\pagehelper\pagehelper\5.1.2\pagehelper-5.1.2.jar;D:\mavenRepository\com\github\jsqlparser\jsqlparser\1.0\jsqlparser-1.0.jar;D:\mavenRepository\commons-codec\commons-codec\1.11\commons-codec-1.11.jar;D:\mavenRepository\org\apache\commons\commons-lang3\3.4\commons-lang3-3.4.jar;D:\mavenRepository\commons-io\commons-io\1.3.2\commons-io-1.3.2.jar;"/>
    <property name="sun.cpu.endian" value="little"/>
    <property name="user.home" value="C:\Users\Mijika"/>
    <property name="user.language" value="zh"/>
    <property name="java.specification.vendor" value="Oracle Corporation"/>
    <property name="java.home" value="D:\jdk\jre"/>
    <property name="basedir" value="D:\ECNU\0\Senior\软件测试\homework\TimeLinenew\TimeLine"/>
    <property name="file.separator" value="\"/>
    <property name="line.separator" value="&#10;"/>
    <property name="java.vm.specification.vendor" value="Oracle Corporation"/>
    <property name="java.specification.name" value="Java Platform API Specification"/>
    <property name="java.awt.graphicsenv" value="sun.awt.Win32GraphicsEnvironment"/>
    <property name="surefire.real.class.path" value="C:\Users\Mijika\AppData\Local\Temp\surefire4572001323058535560\surefirebooter1093855057263742610.jar"/>
    <property name="sun.boot.class.path" value="D:\jdk\jre\lib\resources.jar;D:\jdk\jre\lib\rt.jar;D:\jdk\jre\lib\sunrsasign.jar;D:\jdk\jre\lib\jsse.jar;D:\jdk\jre\lib\jce.jar;D:\jdk\jre\lib\charsets.jar;D:\jdk\jre\lib\jfr.jar;D:\jdk\jre\classes"/>
    <property name="user.script" value=""/>
    <property name="sun.management.compiler" value="HotSpot Client Compiler"/>
    <property name="java.runtime.version" value="1.8.0_65-b17"/>
    <property name="user.name" value="Mijika"/>
    <property name="path.separator" value=";"/>
    <property name="os.version" value="10.0"/>
    <property name="java.endorsed.dirs" value="D:\jdk\jre\lib\endorsed"/>
    <property name="java.runtime.name" value="Java(TM) SE Runtime Environment"/>
    <property name="file.encoding" value="GBK"/>
    <property name="java.vm.name" value="Java HotSpot(TM) Client VM"/>
    <property name="localRepository" value="D:\mavenRepository"/>
    <property name="java.vendor.url.bug" value="http://bugreport.sun.com/bugreport/"/>
    <property name="java.io.tmpdir" value="C:\Users\Mijika\AppData\Local\Temp\"/>
    <property name="java.version" value="1.8.0_65"/>
    <property name="user.dir" value="D:\ECNU\0\Senior\软件测试\homework\TimeLinenew\TimeLine"/>
    <property name="os.arch" value="x86"/>
    <property name="java.vm.specification.name" value="Java Virtual Machine Specification"/>
    <property name="java.awt.printerjob" value="sun.awt.windows.WPrinterJob"/>
    <property name="sun.os.patch.level" value=""/>
    <property name="java.library.path" value="D:\jdk\jre\bin;C:\windows\Sun\Java\bin;C:\windows\system32;C:\windows;D:/jdk/bin/../jre/bin/client;D:/jdk/bin/../jre/bin;D:/jdk/bin/../jre/lib/i386;C:\windows\system32;C:\windows;C:\windows\System32\Wbem;C:\windows\System32\WindowsPowerShell\v1.0\;C:\windows\System32\OpenSSH\;C:\Program Files (x86)\NVIDIA Corporation\PhysX\Common;C:\Program Files\Intel\WiFi\bin\;C:\Program Files\Common Files\Intel\WirelessCommon\;C:\Program Files (x86)\Intel\Intel(R) Management Engine Components\DAL;C:\Program Files\Intel\Intel(R) Management Engine Components\DAL;D:\maven\bin;D:\jdk\bin;D:\jdk\jre\bin;C:\Program Files (x86)\MySQL\MySQL Server 5.5\bin;D:\MongoDB\bin;D:\Git\cmd;C:\Users\Mijika\AppData\Local\Microsoft\WindowsApps;D:\jdk\bin;C:\Users\Mijika\AppData\Local\GitHubDesktop\bin;D:\eclipse2018\eclipse;;."/>
    <property name="java.vm.info" value="mixed mode"/>
    <property name="java.vendor" value="Oracle Corporation"/>
    <property name="java.vm.version" value="25.65-b01"/>
    <property name="java.ext.dirs" value="D:\jdk\jre\lib\ext;C:\windows\Sun\Java\lib\ext"/>
    <property name="sun.io.unicode.encoding" value="UnicodeLittle"/>
    <property name="java.class.version" value="52.0"/>
  </properties>
  <testcase name="showFirstPage" classname="com.timeline.controller.MessageControllerTest" time="0.227"/>
  <testcase name="showOtherPage" classname="com.timeline.controller.MessageControllerTest" time="0.012"/>
</testsuite>